   1               		.file	"keymap_qwertyPD.c"
   2               	__SP_H__ = 0x3e
   3               	__SP_L__ = 0x3d
   4               	__SREG__ = 0x3f
   5               	__tmp_reg__ = 0
   6               	__zero_reg__ = 1
   7               		.text
   8               	.Ltext0:
   9               		.cfi_sections	.debug_frame
  10               		.section	.text.action_function,"ax",@progbits
  11               	.global	action_function
  13               	action_function:
  14               	.LFB102:
  15               		.file 1 "keymap_qwertyPD.c"
   1:keymap_qwertyPD.c **** #include "keymap_common.h"
   2:keymap_qwertyPD.c **** 
   3:keymap_qwertyPD.c **** /* The default Atreus layout. First layer is normal keys, second
   4:keymap_qwertyPD.c ****    (momentary fn layer) is numbers, most punctuation, and
   5:keymap_qwertyPD.c ****    arrows. Third (modal, persistent) layer is function keys and other
   6:keymap_qwertyPD.c ****    rarely-used keys. */
   7:keymap_qwertyPD.c **** 
   8:keymap_qwertyPD.c **** const uint16_t PROGMEM keymaps[][MATRIX_ROWS][MATRIX_COLS] = {
   9:keymap_qwertyPD.c ****   /* 0: mostly letters */
  10:keymap_qwertyPD.c ****   KEYMAP(KC_Q, KC_W, KC_E, KC_R, KC_T, KC_Y, KC_U, KC_I, KC_O, KC_P, \
  11:keymap_qwertyPD.c ****          KC_A, KC_S, KC_D, KC_F, KC_G, KC_H, KC_J, KC_K, KC_L, KC_SCLN, \
  12:keymap_qwertyPD.c ****          KC_Z, KC_X, KC_C, KC_V, KC_B, KC_N, KC_M, KC_COMM, KC_DOT, KC_SLSH, \
  13:keymap_qwertyPD.c ****          KC_ESC, KC_TAB, KC_LGUI, KC_LSFT, KC_SPC, KC_LCTL, KC_LALT,     \
  14:keymap_qwertyPD.c ****          KC_BSPC, KC_FN0, KC_MINS, KC_QUOT, KC_ENT),                     \
  15:keymap_qwertyPD.c ****   /* 1: punctuation and numbers */
  16:keymap_qwertyPD.c ****   FN_ARROW_LAYER,                                     \
  17:keymap_qwertyPD.c ****   /* 2: arrows and function keys */
  18:keymap_qwertyPD.c ****   LAYER_TWO
  19:keymap_qwertyPD.c **** };
  20:keymap_qwertyPD.c **** 
  21:keymap_qwertyPD.c **** const uint16_t PROGMEM fn_actions[] = {
  22:keymap_qwertyPD.c ****   [0] = ACTION_LAYER_MOMENTARY(1),  // to Fn overlay
  23:keymap_qwertyPD.c ****   [1] = ACTION_LAYER_ON(2, 1),  // switch to layer 2
  24:keymap_qwertyPD.c ****   [2] = ACTION_LAYER_OFF(2, 1),  // switch back to layer 0
  25:keymap_qwertyPD.c ****   [3] = ACTION_FUNCTION(BOOTLOADER)
  26:keymap_qwertyPD.c **** };
  27:keymap_qwertyPD.c **** 
  28:keymap_qwertyPD.c **** void action_function(keyrecord_t *record, uint8_t id, uint8_t opt)
  29:keymap_qwertyPD.c **** {
  16               		.loc 1 29 0
  17               		.cfi_startproc
  18               	.LVL0:
  19               	/* prologue: function */
  20               	/* frame size = 0 */
  21               	/* stack size = 0 */
  22               	.L__stack_usage = 0
  30:keymap_qwertyPD.c ****   if (id == BOOTLOADER) {
  23               		.loc 1 30 0
  24 0000 6111      		cpse r22,__zero_reg__
  25 0002 00C0      		rjmp .L1
  31:keymap_qwertyPD.c ****     bootloader();
  26               		.loc 1 31 0
  27 0004 0C94 0000 		jmp bootloader
  28               	.LVL1:
  29               	.L1:
  30 0008 0895      		ret
  31               		.cfi_endproc
  32               	.LFE102:
  34               	.global	fn_actions
  35               		.section	.progmem.data,"a",@progbits
  38               	fn_actions:
  39 0000 F1A1      		.word	-24079
  40 0002 0485      		.word	-31484
  41 0004 1B81      		.word	-32485
  42 0006 00F0      		.word	-4096
  43               	.global	keymaps
  46               	keymaps:
  47 0008 1400      		.word	20
  48 000a 1A00      		.word	26
  49 000c 0800      		.word	8
  50 000e 1500      		.word	21
  51 0010 1700      		.word	23
  52 0012 0000      		.word	0
  53 0014 1C00      		.word	28
  54 0016 1800      		.word	24
  55 0018 0C00      		.word	12
  56 001a 1200      		.word	18
  57 001c 1300      		.word	19
  58 001e 0400      		.word	4
  59 0020 1600      		.word	22
  60 0022 0700      		.word	7
  61 0024 0900      		.word	9
  62 0026 0A00      		.word	10
  63 0028 0000      		.word	0
  64 002a 0B00      		.word	11
  65 002c 0D00      		.word	13
  66 002e 0E00      		.word	14
  67 0030 0F00      		.word	15
  68 0032 3300      		.word	51
  69 0034 1D00      		.word	29
  70 0036 1B00      		.word	27
  71 0038 0600      		.word	6
  72 003a 1900      		.word	25
  73 003c 0500      		.word	5
  74 003e E000      		.word	224
  75 0040 1100      		.word	17
  76 0042 1000      		.word	16
  77 0044 3600      		.word	54
  78 0046 3700      		.word	55
  79 0048 3800      		.word	56
  80 004a 2900      		.word	41
  81 004c 2B00      		.word	43
  82 004e E300      		.word	227
  83 0050 E100      		.word	225
  84 0052 2C00      		.word	44
  85 0054 E200      		.word	226
  86 0056 2A00      		.word	42
  87 0058 C000      		.word	192
  88 005a 2D00      		.word	45
  89 005c 3400      		.word	52
  90 005e 2800      		.word	40
  91 0060 1E02      		.word	542
  92 0062 1F02      		.word	543
  93 0064 5200      		.word	82
  94 0066 2F02      		.word	559
  95 0068 3002      		.word	560
  96 006a 0000      		.word	0
  97 006c 4B00      		.word	75
  98 006e 2400      		.word	36
  99 0070 2500      		.word	37
 100 0072 2600      		.word	38
 101 0074 2502      		.word	549
 102 0076 2002      		.word	544
 103 0078 5000      		.word	80
 104 007a 5100      		.word	81
 105 007c 4F00      		.word	79
 106 007e 2102      		.word	545
 107 0080 0000      		.word	0
 108 0082 4E00      		.word	78
 109 0084 2100      		.word	33
 110 0086 2200      		.word	34
 111 0088 2300      		.word	35
 112 008a 2E02      		.word	558
 113 008c 2F00      		.word	47
 114 008e 3000      		.word	48
 115 0090 2602      		.word	550
 116 0092 2702      		.word	551
 117 0094 2402      		.word	548
 118 0096 E000      		.word	224
 119 0098 3500      		.word	53
 120 009a 1E00      		.word	30
 121 009c 1F00      		.word	31
 122 009e 2000      		.word	32
 123 00a0 3100      		.word	49
 124 00a2 C100      		.word	193
 125 00a4 4902      		.word	585
 126 00a6 E300      		.word	227
 127 00a8 E100      		.word	225
 128 00aa 2A00      		.word	42
 129 00ac E200      		.word	226
 130 00ae 2C00      		.word	44
 131 00b0 C000      		.word	192
 132 00b2 3700      		.word	55
 133 00b4 2700      		.word	39
 134 00b6 2E00      		.word	46
 135 00b8 4900      		.word	73
 136 00ba 4A00      		.word	74
 137 00bc 5200      		.word	82
 138 00be 4D00      		.word	77
 139 00c0 4B00      		.word	75
 140 00c2 0000      		.word	0
 141 00c4 5200      		.word	82
 142 00c6 4000      		.word	64
 143 00c8 4100      		.word	65
 144 00ca 4200      		.word	66
 145 00cc 4300      		.word	67
 146 00ce 4C00      		.word	76
 147 00d0 5000      		.word	80
 148 00d2 5100      		.word	81
 149 00d4 4F00      		.word	79
 150 00d6 4E00      		.word	78
 151 00d8 0000      		.word	0
 152 00da 5100      		.word	81
 153 00dc 3D00      		.word	61
 154 00de 3E00      		.word	62
 155 00e0 3F00      		.word	63
 156 00e2 4400      		.word	68
 157 00e4 0000      		.word	0
 158 00e6 8000      		.word	128
 159 00e8 0000      		.word	0
 160 00ea 0000      		.word	0
 161 00ec C300      		.word	195
 162 00ee E000      		.word	224
 163 00f0 0000      		.word	0
 164 00f2 3A00      		.word	58
 165 00f4 3B00      		.word	59
 166 00f6 3C00      		.word	60
 167 00f8 4500      		.word	69
 168 00fa 0000      		.word	0
 169 00fc 8100      		.word	129
 170 00fe E300      		.word	227
 171 0100 E100      		.word	225
 172 0102 2A00      		.word	42
 173 0104 E200      		.word	226
 174 0106 2C00      		.word	44
 175 0108 C200      		.word	194
 176 010a 4600      		.word	70
 177 010c 4700      		.word	71
 178 010e 4800      		.word	72
 179               		.comm	debug_config,1,1
 180               		.text
 181               	.Letext0:
 182               		.file 2 "/usr/lib/avr/include/stdint.h"
 183               		.file 3 "../../common/keycode.h"
 184               		.file 4 "../../common/keyboard.h"
 185               		.file 5 "../../common/action_code.h"
 186               		.file 6 "../../common/action.h"
 187               		.file 7 "../../common/debug_config.h"
 188               		.file 8 "keymap_common.h"
 189               		.file 9 "../../protocol/lufa/LUFA-120730/LUFA/Drivers/USB/Core/USBTask.h"
DEFINED SYMBOLS
                            *ABS*:0000000000000000 keymap_qwertyPD.c
     /tmp/ccg5x5fo.s:2      *ABS*:000000000000003e __SP_H__
     /tmp/ccg5x5fo.s:3      *ABS*:000000000000003d __SP_L__
     /tmp/ccg5x5fo.s:4      *ABS*:000000000000003f __SREG__
     /tmp/ccg5x5fo.s:5      *ABS*:0000000000000000 __tmp_reg__
     /tmp/ccg5x5fo.s:6      *ABS*:0000000000000001 __zero_reg__
     /tmp/ccg5x5fo.s:13     .text.action_function:0000000000000000 action_function
     /tmp/ccg5x5fo.s:38     .progmem.data:0000000000000000 fn_actions
     /tmp/ccg5x5fo.s:46     .progmem.data:0000000000000008 keymaps
                            *COM*:0000000000000001 debug_config

UNDEFINED SYMBOLS
bootloader
__do_clear_bss
