   1               		.file	"keymap.c"
   2               	__SP_H__ = 0x3e
   3               	__SP_L__ = 0x3d
   4               	__SREG__ = 0x3f
   5               	__tmp_reg__ = 0
   6               	__zero_reg__ = 1
   7               		.text
   8               	.Ltext0:
   9               		.cfi_sections	.debug_frame
  10               		.section	.text.action_for_key,"ax",@progbits
  11               	.global	action_for_key
  13               	action_for_key:
  14               	.LFB102:
  15               		.file 1 "../../common/keymap.c"
   1:../../common/keymap.c **** /*
   2:../../common/keymap.c **** Copyright 2013 Jun Wako <wakojun@gmail.com>
   3:../../common/keymap.c **** 
   4:../../common/keymap.c **** This program is free software: you can redistribute it and/or modify
   5:../../common/keymap.c **** it under the terms of the GNU General Public License as published by
   6:../../common/keymap.c **** the Free Software Foundation, either version 2 of the License, or
   7:../../common/keymap.c **** (at your option) any later version.
   8:../../common/keymap.c **** 
   9:../../common/keymap.c **** This program is distributed in the hope that it will be useful,
  10:../../common/keymap.c **** but WITHOUT ANY WARRANTY; without even the implied warranty of
  11:../../common/keymap.c **** MERCHANTABILITY or FITNESS FOR A PARTICULAR PURPOSE.  See the
  12:../../common/keymap.c **** GNU General Public License for more details.
  13:../../common/keymap.c **** 
  14:../../common/keymap.c **** You should have received a copy of the GNU General Public License
  15:../../common/keymap.c **** along with this program.  If not, see <http://www.gnu.org/licenses/>.
  16:../../common/keymap.c **** */
  17:../../common/keymap.c **** #include <avr/pgmspace.h>
  18:../../common/keymap.c **** #include "keymap.h"
  19:../../common/keymap.c **** #include "report.h"
  20:../../common/keymap.c **** #include "keycode.h"
  21:../../common/keymap.c **** #include "action_layer.h"
  22:../../common/keymap.c **** #include "action.h"
  23:../../common/keymap.c **** #include "action_macro.h"
  24:../../common/keymap.c **** #include "debug.h"
  25:../../common/keymap.c **** 
  26:../../common/keymap.c **** 
  27:../../common/keymap.c **** static action_t keycode_to_action(uint8_t keycode);
  28:../../common/keymap.c **** 
  29:../../common/keymap.c **** uint16_t actionmap_key_to_action(uint8_t layer, key_t key);
  30:../../common/keymap.c **** 
  31:../../common/keymap.c **** /* converts key to action */
  32:../../common/keymap.c **** action_t action_for_key(uint8_t layer, key_t key) {
  16               		.loc 1 32 0
  17               		.cfi_startproc
  18               	.LVL0:
  19               	/* prologue: function */
  20               	/* frame size = 0 */
  21               	/* stack size = 0 */
  22               	.L__stack_usage = 0
  33:../../common/keymap.c ****   uint16_t keycode = actionmap_key_to_action(layer, key);
  23               		.loc 1 33 0
  24 0000 0E94 0000 		call actionmap_key_to_action
  25               	.LVL1:
  26 0004 9C01      		movw r18,r24
  27               	.LVL2:
  34:../../common/keymap.c ****   if(keycode >= KC_FN0 && keycode <= KC_FN31) {
  28               		.loc 1 34 0
  29 0006 805C      		subi r24,-64
  30 0008 9109      		sbc r25,__zero_reg__
  31 000a 8097      		sbiw r24,32
  32 000c 00F4      		brsh .L2
  35:../../common/keymap.c ****     return keymap_fn_to_action(keycode);
  33               		.loc 1 35 0
  34 000e 822F      		mov r24,r18
  35 0010 0E94 0000 		call keymap_fn_to_action
  36               	.LVL3:
  37 0014 0895      		ret
  38               	.LVL4:
  39               	.L2:
  40               	.LBB2:
  36:../../common/keymap.c ****   } else {
  37:../../common/keymap.c ****     action_t action;
  38:../../common/keymap.c ****     action.key.code = (uint8_t)keycode;
  39:../../common/keymap.c ****     action.key.mods = (keycode >> 8) & 0x1f;
  40:../../common/keymap.c **** 
  41:../../common/keymap.c ****     return action;
  41               		.loc 1 41 0
  42 0016 C901      		movw r24,r18
  43 0018 9F70      		andi r25,lo8(15)
  44               	.LVL5:
  45               	.LBE2:
  42:../../common/keymap.c ****   }
  43:../../common/keymap.c **** }
  46               		.loc 1 43 0
  47 001a 0895      		ret
  48               		.cfi_endproc
  49               	.LFE102:
  51               		.section	.text.action_get_macro,"ax",@progbits
  52               		.weak	action_get_macro
  54               	action_get_macro:
  55               	.LFB103:
  44:../../common/keymap.c **** 
  45:../../common/keymap.c **** 
  46:../../common/keymap.c **** /* Macro */
  47:../../common/keymap.c **** __attribute__ ((weak))
  48:../../common/keymap.c **** const macro_t *action_get_macro(keyrecord_t *record, uint8_t id, uint8_t opt)
  49:../../common/keymap.c **** {
  56               		.loc 1 49 0
  57               		.cfi_startproc
  58               	.LVL6:
  59               	/* prologue: function */
  60               	/* frame size = 0 */
  61               	/* stack size = 0 */
  62               	.L__stack_usage = 0
  50:../../common/keymap.c ****     return MACRO_NONE;
  51:../../common/keymap.c **** }
  63               		.loc 1 51 0
  64 0000 80E0      		ldi r24,0
  65 0002 90E0      		ldi r25,0
  66               	.LVL7:
  67 0004 0895      		ret
  68               		.cfi_endproc
  69               	.LFE103:
  71               		.section	.text.action_function,"ax",@progbits
  72               		.weak	action_function
  74               	action_function:
  75               	.LFB104:
  52:../../common/keymap.c **** 
  53:../../common/keymap.c **** /* Function */
  54:../../common/keymap.c **** __attribute__ ((weak))
  55:../../common/keymap.c **** void action_function(keyrecord_t *record, uint8_t id, uint8_t opt)
  56:../../common/keymap.c **** {
  76               		.loc 1 56 0
  77               		.cfi_startproc
  78               	.LVL8:
  79               	/* prologue: function */
  80               	/* frame size = 0 */
  81               	/* stack size = 0 */
  82               	.L__stack_usage = 0
  83 0000 0895      		ret
  84               		.cfi_endproc
  85               	.LFE104:
  87               		.comm	debug_config,1,1
  88               		.text
  89               	.Letext0:
  90               		.file 2 "/usr/avr/include/stdint.h"
  91               		.file 3 "../../common/keyboard.h"
  92               		.file 4 "../../common/action_code.h"
  93               		.file 5 "../../common/action_macro.h"
  94               		.file 6 "../../common/action.h"
  95               		.file 7 "../../common/debug_config.h"
  96               		.file 8 "../../protocol/lufa/LUFA-120730/LUFA/Drivers/USB/Core/USBTask.h"
  97               		.file 9 "../../common/keymap.h"
  98               		.file 10 "../../common/keycode.h"
DEFINED SYMBOLS
                            *ABS*:0000000000000000 keymap.c
     /tmp/ccIhGQAQ.s:2      *ABS*:000000000000003e __SP_H__
     /tmp/ccIhGQAQ.s:3      *ABS*:000000000000003d __SP_L__
     /tmp/ccIhGQAQ.s:4      *ABS*:000000000000003f __SREG__
     /tmp/ccIhGQAQ.s:5      *ABS*:0000000000000000 __tmp_reg__
     /tmp/ccIhGQAQ.s:6      *ABS*:0000000000000001 __zero_reg__
     /tmp/ccIhGQAQ.s:13     .text.action_for_key:0000000000000000 action_for_key
     /tmp/ccIhGQAQ.s:54     .text.action_get_macro:0000000000000000 action_get_macro
     /tmp/ccIhGQAQ.s:74     .text.action_function:0000000000000000 action_function
                            *COM*:0000000000000001 debug_config

UNDEFINED SYMBOLS
actionmap_key_to_action
keymap_fn_to_action
__do_clear_bss
