   1               		.file	"timer.c"
   2               	__SP_H__ = 0x3e
   3               	__SP_L__ = 0x3d
   4               	__SREG__ = 0x3f
   5               	__tmp_reg__ = 0
   6               	__zero_reg__ = 1
   7               		.text
   8               	.Ltext0:
   9               		.cfi_sections	.debug_frame
  10               		.section	.text.timer_init,"ax",@progbits
  11               	.global	timer_init
  13               	timer_init:
  14               	.LFB0:
  15               		.file 1 "../../common/timer.c"
   1:../../common/timer.c **** /*
   2:../../common/timer.c **** Copyright 2011 Jun Wako <wakojun@gmail.com>
   3:../../common/timer.c **** 
   4:../../common/timer.c **** This program is free software: you can redistribute it and/or modify
   5:../../common/timer.c **** it under the terms of the GNU General Public License as published by
   6:../../common/timer.c **** the Free Software Foundation, either version 2 of the License, or
   7:../../common/timer.c **** (at your option) any later version.
   8:../../common/timer.c **** 
   9:../../common/timer.c **** This program is distributed in the hope that it will be useful,
  10:../../common/timer.c **** but WITHOUT ANY WARRANTY; without even the implied warranty of
  11:../../common/timer.c **** MERCHANTABILITY or FITNESS FOR A PARTICULAR PURPOSE.  See the
  12:../../common/timer.c **** GNU General Public License for more details.
  13:../../common/timer.c **** 
  14:../../common/timer.c **** You should have received a copy of the GNU General Public License
  15:../../common/timer.c **** along with this program.  If not, see <http://www.gnu.org/licenses/>.
  16:../../common/timer.c **** */
  17:../../common/timer.c **** 
  18:../../common/timer.c **** #include <avr/io.h>
  19:../../common/timer.c **** #include <avr/interrupt.h>
  20:../../common/timer.c **** #include <stdint.h>
  21:../../common/timer.c **** #include "timer.h"
  22:../../common/timer.c **** 
  23:../../common/timer.c **** 
  24:../../common/timer.c **** // counter resolution 1ms
  25:../../common/timer.c **** // NOTE: union { uint32_t timer32; struct { uint16_t dummy; uint16_t timer16; }}
  26:../../common/timer.c **** volatile uint32_t timer_count = 0;
  27:../../common/timer.c **** 
  28:../../common/timer.c **** void timer_init(void)
  29:../../common/timer.c **** {
  16               		.loc 1 29 0
  17               		.cfi_startproc
  18               	/* prologue: function */
  19               	/* frame size = 0 */
  20               	/* stack size = 0 */
  21               	.L__stack_usage = 0
  30:../../common/timer.c ****     // Timer0 CTC mode
  31:../../common/timer.c ****     TCCR0A = 0x02;
  22               		.loc 1 31 0
  23 0000 82E0      		ldi r24,lo8(2)
  24 0002 84BD      		out 0x24,r24
  32:../../common/timer.c **** 
  33:../../common/timer.c **** #if TIMER_PRESCALER == 1
  34:../../common/timer.c ****     TCCR0B = 0x01;
  35:../../common/timer.c **** #elif TIMER_PRESCALER == 8
  36:../../common/timer.c ****     TCCR0B = 0x02;
  37:../../common/timer.c **** #elif TIMER_PRESCALER == 64
  38:../../common/timer.c ****     TCCR0B = 0x03;
  25               		.loc 1 38 0
  26 0004 93E0      		ldi r25,lo8(3)
  27 0006 95BD      		out 0x25,r25
  39:../../common/timer.c **** #elif TIMER_PRESCALER == 256
  40:../../common/timer.c ****     TCCR0B = 0x04;
  41:../../common/timer.c **** #elif TIMER_PRESCALER == 1024
  42:../../common/timer.c ****     TCCR0B = 0x05;
  43:../../common/timer.c **** #else
  44:../../common/timer.c **** #   error "Timer prescaler value is NOT vaild."
  45:../../common/timer.c **** #endif
  46:../../common/timer.c **** 
  47:../../common/timer.c ****     OCR0A = TIMER_RAW_TOP;
  28               		.loc 1 47 0
  29 0008 9AEF      		ldi r25,lo8(-6)
  30 000a 97BD      		out 0x27,r25
  48:../../common/timer.c ****     TIMSK0 = (1<<OCIE0A);
  31               		.loc 1 48 0
  32 000c 8093 6E00 		sts 110,r24
  33 0010 0895      		ret
  34               		.cfi_endproc
  35               	.LFE0:
  37               		.section	.text.timer_clear,"ax",@progbits
  38               	.global	timer_clear
  40               	timer_clear:
  41               	.LFB1:
  49:../../common/timer.c **** }
  50:../../common/timer.c **** 
  51:../../common/timer.c **** inline
  52:../../common/timer.c **** void timer_clear(void)
  53:../../common/timer.c **** {
  42               		.loc 1 53 0
  43               		.cfi_startproc
  44               	/* prologue: function */
  45               	/* frame size = 0 */
  46               	/* stack size = 0 */
  47               	.L__stack_usage = 0
  54:../../common/timer.c ****     uint8_t sreg = SREG;
  48               		.loc 1 54 0
  49 0000 8FB7      		in r24,__SREG__
  50               	.LVL0:
  55:../../common/timer.c ****     cli();
  51               		.loc 1 55 0
  52               	/* #APP */
  53               	 ;  55 "../../common/timer.c" 1
  54 0002 F894      		cli
  55               	 ;  0 "" 2
  56:../../common/timer.c ****     timer_count = 0;
  56               		.loc 1 56 0
  57               	/* #NOAPP */
  58 0004 1092 0000 		sts timer_count,__zero_reg__
  59 0008 1092 0000 		sts timer_count+1,__zero_reg__
  60 000c 1092 0000 		sts timer_count+2,__zero_reg__
  61 0010 1092 0000 		sts timer_count+3,__zero_reg__
  57:../../common/timer.c ****     SREG = sreg;
  62               		.loc 1 57 0
  63 0014 8FBF      		out __SREG__,r24
  64 0016 0895      		ret
  65               		.cfi_endproc
  66               	.LFE1:
  68               		.section	.text.timer_read,"ax",@progbits
  69               	.global	timer_read
  71               	timer_read:
  72               	.LFB2:
  58:../../common/timer.c **** }
  59:../../common/timer.c **** 
  60:../../common/timer.c **** inline
  61:../../common/timer.c **** uint16_t timer_read(void)
  62:../../common/timer.c **** {
  73               		.loc 1 62 0
  74               		.cfi_startproc
  75               	/* prologue: function */
  76               	/* frame size = 0 */
  77               	/* stack size = 0 */
  78               	.L__stack_usage = 0
  63:../../common/timer.c ****     uint32_t t;
  64:../../common/timer.c **** 
  65:../../common/timer.c ****     uint8_t sreg = SREG;
  79               		.loc 1 65 0
  80 0000 2FB7      		in r18,__SREG__
  81               	.LVL1:
  66:../../common/timer.c ****     cli();
  82               		.loc 1 66 0
  83               	/* #APP */
  84               	 ;  66 "../../common/timer.c" 1
  85 0002 F894      		cli
  86               	 ;  0 "" 2
  67:../../common/timer.c ****     t = timer_count;
  87               		.loc 1 67 0
  88               	/* #NOAPP */
  89 0004 8091 0000 		lds r24,timer_count
  90 0008 9091 0000 		lds r25,timer_count+1
  91 000c A091 0000 		lds r26,timer_count+2
  92 0010 B091 0000 		lds r27,timer_count+3
  68:../../common/timer.c ****     SREG = sreg;
  93               		.loc 1 68 0
  94 0014 2FBF      		out __SREG__,r18
  69:../../common/timer.c **** 
  70:../../common/timer.c ****     return (t & 0xFFFF);
  71:../../common/timer.c **** }
  95               		.loc 1 71 0
  96 0016 0895      		ret
  97               		.cfi_endproc
  98               	.LFE2:
 100               		.section	.text.timer_read32,"ax",@progbits
 101               	.global	timer_read32
 103               	timer_read32:
 104               	.LFB3:
  72:../../common/timer.c **** 
  73:../../common/timer.c **** inline
  74:../../common/timer.c **** uint32_t timer_read32(void)
  75:../../common/timer.c **** {
 105               		.loc 1 75 0
 106               		.cfi_startproc
 107               	/* prologue: function */
 108               	/* frame size = 0 */
 109               	/* stack size = 0 */
 110               	.L__stack_usage = 0
  76:../../common/timer.c ****     uint32_t t;
  77:../../common/timer.c **** 
  78:../../common/timer.c ****     uint8_t sreg = SREG;
 111               		.loc 1 78 0
 112 0000 2FB7      		in r18,__SREG__
 113               	.LVL2:
  79:../../common/timer.c ****     cli();
 114               		.loc 1 79 0
 115               	/* #APP */
 116               	 ;  79 "../../common/timer.c" 1
 117 0002 F894      		cli
 118               	 ;  0 "" 2
  80:../../common/timer.c ****     t = timer_count;
 119               		.loc 1 80 0
 120               	/* #NOAPP */
 121 0004 6091 0000 		lds r22,timer_count
 122 0008 7091 0000 		lds r23,timer_count+1
 123 000c 8091 0000 		lds r24,timer_count+2
 124 0010 9091 0000 		lds r25,timer_count+3
 125               	.LVL3:
  81:../../common/timer.c ****     SREG = sreg;
 126               		.loc 1 81 0
 127 0014 2FBF      		out __SREG__,r18
  82:../../common/timer.c **** 
  83:../../common/timer.c ****     return t;
  84:../../common/timer.c **** }
 128               		.loc 1 84 0
 129 0016 0895      		ret
 130               		.cfi_endproc
 131               	.LFE3:
 133               		.section	.text.timer_elapsed,"ax",@progbits
 134               	.global	timer_elapsed
 136               	timer_elapsed:
 137               	.LFB4:
  85:../../common/timer.c **** 
  86:../../common/timer.c **** inline
  87:../../common/timer.c **** uint16_t timer_elapsed(uint16_t last)
  88:../../common/timer.c **** {
 138               		.loc 1 88 0
 139               		.cfi_startproc
 140               	.LVL4:
 141 0000 CF92      		push r12
 142               	.LCFI0:
 143               		.cfi_def_cfa_offset 3
 144               		.cfi_offset 12, -2
 145 0002 DF92      		push r13
 146               	.LCFI1:
 147               		.cfi_def_cfa_offset 4
 148               		.cfi_offset 13, -3
 149 0004 EF92      		push r14
 150               	.LCFI2:
 151               		.cfi_def_cfa_offset 5
 152               		.cfi_offset 14, -4
 153 0006 FF92      		push r15
 154               	.LCFI3:
 155               		.cfi_def_cfa_offset 6
 156               		.cfi_offset 15, -5
 157 0008 0F93      		push r16
 158               	.LCFI4:
 159               		.cfi_def_cfa_offset 7
 160               		.cfi_offset 16, -6
 161 000a 1F93      		push r17
 162               	.LCFI5:
 163               		.cfi_def_cfa_offset 8
 164               		.cfi_offset 17, -7
 165               	/* prologue: function */
 166               	/* frame size = 0 */
 167               	/* stack size = 6 */
 168               	.L__stack_usage = 6
  89:../../common/timer.c ****     uint32_t t;
  90:../../common/timer.c **** 
  91:../../common/timer.c ****     uint8_t sreg = SREG;
 169               		.loc 1 91 0
 170 000c 2FB7      		in r18,__SREG__
 171               	.LVL5:
  92:../../common/timer.c ****     cli();
 172               		.loc 1 92 0
 173               	/* #APP */
 174               	 ;  92 "../../common/timer.c" 1
 175 000e F894      		cli
 176               	 ;  0 "" 2
  93:../../common/timer.c ****     t = timer_count;
 177               		.loc 1 93 0
 178               	/* #NOAPP */
 179 0010 4091 0000 		lds r20,timer_count
 180 0014 5091 0000 		lds r21,timer_count+1
 181 0018 6091 0000 		lds r22,timer_count+2
 182 001c 7091 0000 		lds r23,timer_count+3
 183               	.LVL6:
  94:../../common/timer.c ****     SREG = sreg;
 184               		.loc 1 94 0
 185 0020 2FBF      		out __SREG__,r18
  95:../../common/timer.c **** 
  96:../../common/timer.c ****     return TIMER_DIFF_16((t & 0xFFFF), last);
 186               		.loc 1 96 0
 187 0022 6A01      		movw r12,r20
 188 0024 7B01      		movw r14,r22
 189 0026 EE24      		clr r14
 190 0028 FF24      		clr r15
 191 002a 8C01      		movw r16,r24
 192 002c 20E0      		ldi r18,0
 193 002e 30E0      		ldi r19,0
 194               	.LVL7:
 195 0030 C016      		cp r12,r16
 196 0032 D106      		cpc r13,r17
 197 0034 E206      		cpc r14,r18
 198 0036 F306      		cpc r15,r19
 199 0038 00F4      		brsh .L8
 200 003a 4150      		subi r20,1
 201 003c 5109      		sbc r21,__zero_reg__
 202               	.LVL8:
 203               	.L8:
 204               		.loc 1 96 0 is_stmt 0 discriminator 2
 205 003e 9A01      		movw r18,r20
 206 0040 281B      		sub r18,r24
 207 0042 390B      		sbc r19,r25
 208 0044 C901      		movw r24,r18
 209               	.LVL9:
 210               	/* epilogue start */
  97:../../common/timer.c **** }
 211               		.loc 1 97 0 is_stmt 1 discriminator 2
 212 0046 1F91      		pop r17
 213 0048 0F91      		pop r16
 214               	.LVL10:
 215 004a FF90      		pop r15
 216 004c EF90      		pop r14
 217 004e DF90      		pop r13
 218 0050 CF90      		pop r12
 219 0052 0895      		ret
 220               		.cfi_endproc
 221               	.LFE4:
 223               		.section	.text.timer_elapsed32,"ax",@progbits
 224               	.global	timer_elapsed32
 226               	timer_elapsed32:
 227               	.LFB5:
  98:../../common/timer.c **** 
  99:../../common/timer.c **** inline
 100:../../common/timer.c **** uint32_t timer_elapsed32(uint32_t last)
 101:../../common/timer.c **** {
 228               		.loc 1 101 0
 229               		.cfi_startproc
 230               	.LVL11:
 231 0000 CF92      		push r12
 232               	.LCFI6:
 233               		.cfi_def_cfa_offset 3
 234               		.cfi_offset 12, -2
 235 0002 DF92      		push r13
 236               	.LCFI7:
 237               		.cfi_def_cfa_offset 4
 238               		.cfi_offset 13, -3
 239 0004 EF92      		push r14
 240               	.LCFI8:
 241               		.cfi_def_cfa_offset 5
 242               		.cfi_offset 14, -4
 243 0006 FF92      		push r15
 244               	.LCFI9:
 245               		.cfi_def_cfa_offset 6
 246               		.cfi_offset 15, -5
 247 0008 0F93      		push r16
 248               	.LCFI10:
 249               		.cfi_def_cfa_offset 7
 250               		.cfi_offset 16, -6
 251 000a 1F93      		push r17
 252               	.LCFI11:
 253               		.cfi_def_cfa_offset 8
 254               		.cfi_offset 17, -7
 255               	/* prologue: function */
 256               	/* frame size = 0 */
 257               	/* stack size = 6 */
 258               	.L__stack_usage = 6
 102:../../common/timer.c ****     uint32_t t;
 103:../../common/timer.c **** 
 104:../../common/timer.c ****     uint8_t sreg = SREG;
 259               		.loc 1 104 0
 260 000c 2FB7      		in r18,__SREG__
 261               	.LVL12:
 105:../../common/timer.c ****     cli();
 262               		.loc 1 105 0
 263               	/* #APP */
 264               	 ;  105 "../../common/timer.c" 1
 265 000e F894      		cli
 266               	 ;  0 "" 2
 106:../../common/timer.c ****     t = timer_count;
 267               		.loc 1 106 0
 268               	/* #NOAPP */
 269 0010 C090 0000 		lds r12,timer_count
 270 0014 D090 0000 		lds r13,timer_count+1
 271 0018 E090 0000 		lds r14,timer_count+2
 272 001c F090 0000 		lds r15,timer_count+3
 273               	.LVL13:
 107:../../common/timer.c ****     SREG = sreg;
 274               		.loc 1 107 0
 275 0020 2FBF      		out __SREG__,r18
 276 0022 9701      		movw r18,r14
 277 0024 8601      		movw r16,r12
 278 0026 061B      		sub r16,r22
 279 0028 170B      		sbc r17,r23
 280 002a 280B      		sbc r18,r24
 281 002c 390B      		sbc r19,r25
 108:../../common/timer.c **** 
 109:../../common/timer.c ****     return TIMER_DIFF_32(t, last);
 282               		.loc 1 109 0
 283 002e C616      		cp r12,r22
 284 0030 D706      		cpc r13,r23
 285 0032 E806      		cpc r14,r24
 286 0034 F906      		cpc r15,r25
 287 0036 00F0      		brlo .L11
 288               		.loc 1 109 0 is_stmt 0 discriminator 1
 289 0038 C901      		movw r24,r18
 290 003a B801      		movw r22,r16
 291               	.LVL14:
 292 003c 00C0      		rjmp .L12
 293               	.LVL15:
 294               	.L11:
 295               		.loc 1 109 0 discriminator 2
 296 003e C901      		movw r24,r18
 297 0040 B801      		movw r22,r16
 298               	.LVL16:
 299 0042 6150      		subi r22,1
 300 0044 7109      		sbc r23,__zero_reg__
 301 0046 8109      		sbc r24,__zero_reg__
 302 0048 9109      		sbc r25,__zero_reg__
 303               	.L12:
 304               	/* epilogue start */
 110:../../common/timer.c **** }
 305               		.loc 1 110 0 is_stmt 1 discriminator 4
 306 004a 1F91      		pop r17
 307 004c 0F91      		pop r16
 308 004e FF90      		pop r15
 309 0050 EF90      		pop r14
 310 0052 DF90      		pop r13
 311 0054 CF90      		pop r12
 312               	.LVL17:
 313 0056 0895      		ret
 314               		.cfi_endproc
 315               	.LFE5:
 317               		.section	.text.__vector_21,"ax",@progbits
 318               	.global	__vector_21
 320               	__vector_21:
 321               	.LFB6:
 111:../../common/timer.c **** 
 112:../../common/timer.c **** // excecuted once per 1ms.(excess for just timer count?)
 113:../../common/timer.c **** ISR(TIMER0_COMPA_vect)
 114:../../common/timer.c **** {
 322               		.loc 1 114 0
 323               		.cfi_startproc
 324 0000 1F92      		push r1
 325               	.LCFI12:
 326               		.cfi_def_cfa_offset 3
 327               		.cfi_offset 1, -2
 328 0002 0F92      		push r0
 329               	.LCFI13:
 330               		.cfi_def_cfa_offset 4
 331               		.cfi_offset 0, -3
 332 0004 0FB6      		in r0,__SREG__
 333 0006 0F92      		push r0
 334 0008 1124      		clr __zero_reg__
 335 000a 8F93      		push r24
 336               	.LCFI14:
 337               		.cfi_def_cfa_offset 5
 338               		.cfi_offset 24, -4
 339 000c 9F93      		push r25
 340               	.LCFI15:
 341               		.cfi_def_cfa_offset 6
 342               		.cfi_offset 25, -5
 343 000e AF93      		push r26
 344               	.LCFI16:
 345               		.cfi_def_cfa_offset 7
 346               		.cfi_offset 26, -6
 347 0010 BF93      		push r27
 348               	.LCFI17:
 349               		.cfi_def_cfa_offset 8
 350               		.cfi_offset 27, -7
 351               	/* prologue: Signal */
 352               	/* frame size = 0 */
 353               	/* stack size = 7 */
 354               	.L__stack_usage = 7
 115:../../common/timer.c ****     timer_count++;
 355               		.loc 1 115 0
 356 0012 8091 0000 		lds r24,timer_count
 357 0016 9091 0000 		lds r25,timer_count+1
 358 001a A091 0000 		lds r26,timer_count+2
 359 001e B091 0000 		lds r27,timer_count+3
 360 0022 0196      		adiw r24,1
 361 0024 A11D      		adc r26,__zero_reg__
 362 0026 B11D      		adc r27,__zero_reg__
 363 0028 8093 0000 		sts timer_count,r24
 364 002c 9093 0000 		sts timer_count+1,r25
 365 0030 A093 0000 		sts timer_count+2,r26
 366 0034 B093 0000 		sts timer_count+3,r27
 367               	/* epilogue start */
 116:../../common/timer.c **** }
 368               		.loc 1 116 0
 369 0038 BF91      		pop r27
 370 003a AF91      		pop r26
 371 003c 9F91      		pop r25
 372 003e 8F91      		pop r24
 373 0040 0F90      		pop r0
 374 0042 0FBE      		out __SREG__,r0
 375 0044 0F90      		pop r0
 376 0046 1F90      		pop r1
 377 0048 1895      		reti
 378               		.cfi_endproc
 379               	.LFE6:
 381               	.global	timer_count
 382               		.section .bss
 385               	timer_count:
 386 0000 0000 0000 		.zero	4
 387               		.text
 388               	.Letext0:
 389               		.file 2 "/usr/lib/avr/include/stdint.h"
DEFINED SYMBOLS
                            *ABS*:0000000000000000 timer.c
     /tmp/ccuimW2a.s:2      *ABS*:000000000000003e __SP_H__
     /tmp/ccuimW2a.s:3      *ABS*:000000000000003d __SP_L__
     /tmp/ccuimW2a.s:4      *ABS*:000000000000003f __SREG__
     /tmp/ccuimW2a.s:5      *ABS*:0000000000000000 __tmp_reg__
     /tmp/ccuimW2a.s:6      *ABS*:0000000000000001 __zero_reg__
     /tmp/ccuimW2a.s:13     .text.timer_init:0000000000000000 timer_init
     /tmp/ccuimW2a.s:40     .text.timer_clear:0000000000000000 timer_clear
     /tmp/ccuimW2a.s:385    .bss:0000000000000000 timer_count
     /tmp/ccuimW2a.s:71     .text.timer_read:0000000000000000 timer_read
     /tmp/ccuimW2a.s:103    .text.timer_read32:0000000000000000 timer_read32
     /tmp/ccuimW2a.s:136    .text.timer_elapsed:0000000000000000 timer_elapsed
     /tmp/ccuimW2a.s:226    .text.timer_elapsed32:0000000000000000 timer_elapsed32
     /tmp/ccuimW2a.s:320    .text.__vector_21:0000000000000000 __vector_21

UNDEFINED SYMBOLS
__do_clear_bss
